TensorFlow Version: 1.3.0
Default GPU Device: /device:GPU:0
Tests Passed ... test_load_vgg
Tests Passed ... test_layers
Tests Passed ... test_optimize
Tests Passed ... test_train_nn
Tests Passed ... test_for_kitti_dataset
------------------------------------------
2017-08-20 08:29:58,854 INFO: Training...
2017-08-20 08:33:39,935 INFO: EPOCH   1... Loss =  0.253; 214.5 sec ETA 5:53:54
2017-08-20 08:37:12,526 INFO: EPOCH   2... Loss =  0.149; 212.6 sec ETA 5:48:47
2017-08-20 08:40:44,937 INFO: EPOCH   3... Loss =  0.137; 212.4 sec ETA 5:44:37
2017-08-20 08:44:18,331 INFO: EPOCH   4... Loss =  0.131; 213.4 sec ETA 5:41:09
2017-08-20 08:47:52,182 INFO: EPOCH   5... Loss =  0.124; 213.8 sec ETA 5:37:48
2017-08-20 08:51:25,148 INFO: EPOCH   6... Loss =  0.115; 213.0 sec ETA 5:34:09
2017-08-20 08:54:57,747 INFO: EPOCH   7... Loss =  0.113; 212.6 sec ETA 5:30:27
2017-08-20 08:58:30,100 INFO: EPOCH   8... Loss =  0.114; 212.4 sec ETA 5:26:44
2017-08-20 09:02:02,338 INFO: EPOCH   9... Loss =  0.110; 212.2 sec ETA 5:23:02
2017-08-20 09:05:34,761 INFO: EPOCH  10... Loss =  0.109; 212.4 sec ETA 5:19:24
2017-08-20 09:09:08,717 INFO: EPOCH  11... Loss =  0.106; 214.0 sec ETA 5:16:00
2017-08-20 09:12:43,903 INFO: EPOCH  12... Loss =  0.105; 215.2 sec ETA 5:12:42
2017-08-20 09:16:17,978 INFO: EPOCH  13... Loss =  0.103; 214.1 sec ETA 5:09:15
2017-08-20 09:19:50,396 INFO: EPOCH  14... Loss =  0.101; 212.4 sec ETA 5:05:36
2017-08-20 09:23:23,142 INFO: EPOCH  15... Loss =  0.102; 212.7 sec ETA 5:02:01
2017-08-20 09:26:57,089 INFO: EPOCH  16... Loss =  0.103; 213.9 sec ETA 4:58:32
2017-08-20 09:30:32,571 INFO: EPOCH  17... Loss =  0.102; 215.5 sec ETA 4:55:09
2017-08-20 09:34:06,607 INFO: EPOCH  18... Loss =  0.101; 214.0 sec ETA 4:51:39
2017-08-20 09:37:41,307 INFO: EPOCH  19... Loss =  0.099; 214.7 sec ETA 4:48:11
2017-08-20 09:41:16,585 INFO: EPOCH  20... Loss =  0.100; 215.3 sec ETA 4:44:45
2017-08-20 09:44:51,428 INFO: EPOCH  21... Loss =  0.099; 214.8 sec ETA 4:41:16
2017-08-20 09:48:24,566 INFO: EPOCH  22... Loss =  0.096; 213.1 sec ETA 4:37:41
2017-08-20 09:51:58,118 INFO: EPOCH  23... Loss =  0.098; 213.6 sec ETA 4:34:07
2017-08-20 09:55:32,766 INFO: EPOCH  24... Loss =  0.097; 214.6 sec ETA 4:30:37
2017-08-20 09:59:07,657 INFO: EPOCH  25... Loss =  0.094; 214.9 sec ETA 4:27:07
2017-08-20 10:02:43,591 INFO: EPOCH  26... Loss =  0.096; 215.9 sec ETA 4:23:40
2017-08-20 10:06:18,669 INFO: EPOCH  27... Loss =  0.098; 215.1 sec ETA 4:20:10
2017-08-20 10:09:54,321 INFO: EPOCH  28... Loss =  0.095; 215.7 sec ETA 4:16:40
2017-08-20 10:13:29,360 INFO: EPOCH  29... Loss =  0.096; 215.0 sec ETA 4:13:09
2017-08-20 10:17:03,214 INFO: EPOCH  30... Loss =  0.095; 213.9 sec ETA 4:09:35
2017-08-20 10:20:38,741 INFO: EPOCH  31... Loss =  0.096; 215.5 sec ETA 4:06:05
2017-08-20 10:24:13,721 INFO: EPOCH  32... Loss =  0.093; 215.0 sec ETA 4:02:33
2017-08-20 10:27:48,702 INFO: EPOCH  33... Loss =  0.094; 215.0 sec ETA 3:59:01
2017-08-20 10:31:23,149 INFO: EPOCH  34... Loss =  0.093; 214.4 sec ETA 3:55:28
2017-08-20 10:34:59,320 INFO: EPOCH  35... Loss =  0.093; 216.2 sec ETA 3:51:58
2017-08-20 10:38:35,779 INFO: EPOCH  36... Loss =  0.091; 216.5 sec ETA 3:48:28
2017-08-20 10:42:11,333 INFO: EPOCH  37... Loss =  0.093; 215.6 sec ETA 3:44:56
2017-08-20 10:45:46,142 INFO: EPOCH  38... Loss =  0.093; 214.8 sec ETA 3:41:23
2017-08-20 10:49:22,278 INFO: EPOCH  39... Loss =  0.092; 216.1 sec ETA 3:37:51
2017-08-20 10:52:59,437 INFO: EPOCH  40... Loss =  0.091; 217.2 sec ETA 3:34:21
2017-08-20 10:56:36,943 INFO: EPOCH  41... Loss =  0.090; 217.5 sec ETA 3:30:52
2017-08-20 11:00:13,448 INFO: EPOCH  42... Loss =  0.094; 216.5 sec ETA 3:27:20
2017-08-20 11:03:50,379 INFO: EPOCH  43... Loss =  0.092; 216.9 sec ETA 3:23:49
2017-08-20 11:07:27,935 INFO: EPOCH  44... Loss =  0.091; 217.6 sec ETA 3:20:18
2017-08-20 11:11:04,540 INFO: EPOCH  45... Loss =  0.090; 216.6 sec ETA 3:16:46
2017-08-20 11:14:41,323 INFO: EPOCH  46... Loss =  0.091; 216.8 sec ETA 3:13:14
2017-08-20 11:18:18,765 INFO: EPOCH  47... Loss =  0.091; 217.4 sec ETA 3:09:42
2017-08-20 11:21:56,202 INFO: EPOCH  48... Loss =  0.092; 217.4 sec ETA 3:06:10
2017-08-20 11:25:32,672 INFO: EPOCH  49... Loss =  0.089; 216.5 sec ETA 3:02:37
2017-08-20 11:29:10,201 INFO: EPOCH  50... Loss =  0.090; 217.5 sec ETA 2:59:05
2017-08-20 11:32:48,931 INFO: EPOCH  51... Loss =  0.089; 218.7 sec ETA 2:55:34
2017-08-20 11:36:24,549 INFO: EPOCH  52... Loss =  0.089; 215.6 sec ETA 2:52:00
2017-08-20 11:40:01,375 INFO: EPOCH  53... Loss =  0.091; 216.8 sec ETA 2:48:26
2017-08-20 11:43:38,114 INFO: EPOCH  54... Loss =  0.091; 216.7 sec ETA 2:44:53
2017-08-20 11:47:14,738 INFO: EPOCH  55... Loss =  0.089; 216.6 sec ETA 2:41:19
2017-08-20 11:50:50,056 INFO: EPOCH  56... Loss =  0.089; 215.3 sec ETA 2:37:44
2017-08-20 11:54:28,027 INFO: EPOCH  57... Loss =  0.088; 218.0 sec ETA 2:34:11
2017-08-20 11:58:06,328 INFO: EPOCH  58... Loss =  0.088; 218.3 sec ETA 2:30:38
2017-08-20 12:01:44,904 INFO: EPOCH  59... Loss =  0.089; 218.6 sec ETA 2:27:06
2017-08-20 12:05:23,005 INFO: EPOCH  60... Loss =  0.090; 218.1 sec ETA 2:23:32
2017-08-20 12:09:02,981 INFO: EPOCH  61... Loss =  0.087; 220.0 sec ETA 2:20:00
2017-08-20 12:12:39,556 INFO: EPOCH  62... Loss =  0.090; 216.6 sec ETA 2:16:25
2017-08-20 12:16:19,633 INFO: EPOCH  63... Loss =  0.090; 220.1 sec ETA 2:12:53
2017-08-20 12:19:58,746 INFO: EPOCH  64... Loss =  0.087; 219.1 sec ETA 2:09:19
2017-08-20 12:23:38,962 INFO: EPOCH  65... Loss =  0.087; 220.2 sec ETA 2:05:46
2017-08-20 12:27:17,413 INFO: EPOCH  66... Loss =  0.089; 218.5 sec ETA 2:02:12
2017-08-20 12:30:56,575 INFO: EPOCH  67... Loss =  0.087; 219.2 sec ETA 1:58:38
2017-08-20 12:34:36,122 INFO: EPOCH  68... Loss =  0.089; 219.5 sec ETA 1:55:04
2017-08-20 12:38:14,022 INFO: EPOCH  69... Loss =  0.088; 217.9 sec ETA 1:51:30
2017-08-20 12:41:52,266 INFO: EPOCH  70... Loss =  0.089; 218.2 sec ETA 1:47:55
2017-08-20 12:45:31,420 INFO: EPOCH  71... Loss =  0.088; 219.2 sec ETA 1:44:20
2017-08-20 12:49:12,078 INFO: EPOCH  72... Loss =  0.087; 220.7 sec ETA 1:40:46
2017-08-20 12:52:51,219 INFO: EPOCH  73... Loss =  0.087; 219.1 sec ETA 1:37:12
2017-08-20 12:56:30,528 INFO: EPOCH  74... Loss =  0.088; 219.3 sec ETA 1:33:37
2017-08-20 13:00:09,312 INFO: EPOCH  75... Loss =  0.087; 218.8 sec ETA 1:30:02
2017-08-20 13:03:49,249 INFO: EPOCH  76... Loss =  0.089; 219.9 sec ETA 1:26:27
2017-08-20 13:07:29,832 INFO: EPOCH  77... Loss =  0.087; 220.6 sec ETA 1:22:52
2017-08-20 13:11:10,285 INFO: EPOCH  78... Loss =  0.085; 220.5 sec ETA 1:19:17
2017-08-20 13:14:49,377 INFO: EPOCH  79... Loss =  0.088; 219.1 sec ETA 1:15:42
2017-08-20 13:18:29,718 INFO: EPOCH  80... Loss =  0.085; 220.3 sec ETA 1:12:07
2017-08-20 13:22:09,157 INFO: EPOCH  81... Loss =  0.087; 219.4 sec ETA 1:08:31
2017-08-20 13:25:49,070 INFO: EPOCH  82... Loss =  0.086; 219.9 sec ETA 1:04:55
2017-08-20 13:29:29,523 INFO: EPOCH  83... Loss =  0.084; 220.5 sec ETA 1:01:20
2017-08-20 13:33:09,699 INFO: EPOCH  84... Loss =  0.085; 220.2 sec ETA 0:57:44
2017-08-20 13:36:50,833 INFO: EPOCH  85... Loss =  0.086; 221.1 sec ETA 0:54:08
2017-08-20 13:40:31,256 INFO: EPOCH  86... Loss =  0.085; 220.4 sec ETA 0:50:33
2017-08-20 13:44:11,093 INFO: EPOCH  87... Loss =  0.085; 219.8 sec ETA 0:46:57
2017-08-20 13:47:51,289 INFO: EPOCH  88... Loss =  0.086; 220.2 sec ETA 0:43:20
2017-08-20 13:51:31,073 INFO: EPOCH  89... Loss =  0.087; 219.8 sec ETA 0:39:44
2017-08-20 13:55:11,386 INFO: EPOCH  90... Loss =  0.087; 220.3 sec ETA 0:36:08
2017-08-20 13:58:50,697 INFO: EPOCH  91... Loss =  0.087; 219.3 sec ETA 0:32:31
2017-08-20 14:02:29,446 INFO: EPOCH  92... Loss =  0.087; 218.7 sec ETA 0:28:55
2017-08-20 14:06:09,503 INFO: EPOCH  93... Loss =  0.086; 220.1 sec ETA 0:25:18
2017-08-20 14:09:50,722 INFO: EPOCH  94... Loss =  0.087; 221.2 sec ETA 0:21:42
2017-08-20 14:13:32,751 INFO: EPOCH  95... Loss =  0.086; 222.0 sec ETA 0:18:05
2017-08-20 14:17:15,044 INFO: EPOCH  96... Loss =  0.085; 222.3 sec ETA 0:14:28
2017-08-20 14:20:57,170 INFO: EPOCH  97... Loss =  0.083; 222.1 sec ETA 0:10:52
2017-08-20 14:24:38,895 INFO: EPOCH  98... Loss =  0.085; 221.7 sec ETA 0:07:15
2017-08-20 14:28:20,884 INFO: EPOCH  99... Loss =  0.086; 222.0 sec ETA 0:03:38
2017-08-20 14:32:02,938 INFO: EPOCH 100... Loss =  0.087; 222.1 sec ETA 0:00:00
2017-08-20 14:32:02,939 INFO: Saving inference samples and checkpoint
Training Finished. Saving test images to: runs/1503239522.9400747
Model checkpoint saved to: runs/1503239522.9400747/fcn.ckpt
